
Loading MNIST Data...

Loading Training Data...

Loading Testing Data...

Preparing Classifier Training and Validation Data...

Random Forest Classifier with n_estimators = 100, n_jobs = 10

Pickling the Classifier for Future Use...

Calculating Accuracy of trained Classifier...

Making Predictions on Validation Data...

Calculating Accuracy of Predictions...

Creating Confusion Matrix...

RFC Trained Classifier Confidence:  0.971

Predicted Values:  [2 3 6 ... 2 7 6]

Accuracy of Classifier on Validation Image Data:  0.971

Confusion Matrix: 
 [[587   0   1   0   0   1   2   0   4   1]
 [  0 701   1   2   0   0   0   3   2   0]
 [  0   1 584   3   2   1   0   4   3   1]
 [  2   0   7 558   0   5   2   6   9   1]
 [  1   1   1   0 585   0   2   1   2   8]
 [  0   0   1   7   0 481   5   0   1   2]
 [  0   1   0   0   0   5 600   0   3   0]
 [  1   4   3   0   0   0   0 624   0   8]
 [  0   1   2   2   2   3   4   1 540   6]
 [  5   1   3   4   5   5   0   7   2 566]]

Making Predictions on Test Input Images...

Calculating Accuracy of Trained Classifier on Test Data... 

 Creating Confusion Matrix for Test Data...

Predicted Labels for Test Images:  [7 2 1 ... 4 5 6]

Accuracy of Classifier on Test Images:  0.9692

Confusion Matrix for Test Data: 
 [[ 971    0    1    0    0    2    2    1    3    0]
 [   0 1121    1    4    0    2    4    0    2    1]
 [   5    0 1003    4    2    1    3    8    6    0]
 [   1    0    8  972    0    8    0    9    8    4]
 [   1    0    2    0  953    0    6    0    3   17]
 [   3    0    0   13    3  859    8    1    4    1]
 [   6    3    0    0    4    5  935    0    5    0]
 [   1    4   20    1    3    0    0  987    1   11]
 [   3    0    4    7    3    5    6    4  935    7]
 [   6    5    2   12   12    4    1    5    6  956]]
