
Loading MNIST Data...

Loading Training Data...

Loading Testing Data...

Preparing Classifier Training and Validation Data...

SVM Classifier with gamma = 0.1; Kernel = polynomial

Pickling the Classifier for Future Use...

Calculating Accuracy of trained Classifier...

Making Predictions on Validation Data...

Calculating Accuracy of Predictions...

Creating Confusion Matrix...

SVM Trained Classifier Accuracy:  0.9775

Predicted Values:  [9 1 5 ... 7 9 9]

Accuracy of Classifier on Validation Images:  0.9775

Confusion Matrix: 
 [[625   0   3   0   0   1   3   0   2   0]
 [  0 653   3   0   0   0   0   0   3   1]
 [  2   3 573   2   0   0   0   2   0   1]
 [  1   0   3 579   0   5   0   2   5   4]
 [  0   3   1   0 558   0   0   2   0   4]
 [  0   1   1   5   1 512   3   0   3   4]
 [  2   1   1   0   0   1 573   0   1   0]
 [  3   6   2   0   0   0   1 654   1   3]
 [  0   2   1   3   2   4   1   2 547   1]
 [  1   1   1   6   6   2   0   4   2 591]]

Making Predictions on Test Input Images...

Calculating Accuracy of Trained Classifier on Test Data... 

 Creating Confusion Matrix for Test Data...

Predicted Labels for Test Images:  [7 2 1 ... 4 5 6]

Accuracy of Classifier on Test Images:  0.9773

Confusion Matrix for Test Data: 
 [[ 972    0    1    1    0    3    1    0    2    0]
 [   0 1124    2    1    1    0    3    0    4    0]
 [   7    2 1005    0    2    0    4    7    5    0]
 [   0    2    1  987    0    6    0    5    6    3]
 [   3    0    2    0  965    0    3    2    0    7]
 [   3    0    1   13    1  861    5    1    4    3]
 [   4    5    2    0    3    6  935    0    3    0]
 [   0   10    9    1    1    0    0 1001    0    6]
 [   6    0    1    4    2    5    2    4  948    2]
 [   2    6    1    5   12    3    1    2    2  975]]
